
ROM used: 27068 (28%)
          27068 (28%) including unused fragments

          8 Average locations per line
          17 Average locations per statement

RAM used: 634 (19%) at main() level
          671 (20%) worst case

Stack used: 4 worst case (out of 31 total available)

Lines Stmts  %   Files
----- ----- ---  -----
 1704  1260  77  main.c
   34     0   0  main.h
  461     0   0  C:\Program Files (x86)\PICC\Devices\18F4685.h
  147    75   5  rtcc.c
  351    74   5  HDM64GS122.C
  556   167  10  C:\Program Files (x86)\PICC\Drivers\GRAPHICS.C
   89     8   0  portada.h
   89     8   0  finalizado.h
   93    22   1  1wire.c
   30    14   1  ds1820.c
----- -----
 3554  1628 Total

Page ROM  %  RAM   Vol Diff  Functions:
---- --- --- ---   --- ----  ----------
0     40   0   1             @delay_ms1
0     36   0   1             @delay_us1
0     82   0   3             @I2C_READ_2
0     90   0   1             @I2C_WRITE_2
0    206   0   9   774  4.7  ds1307_set_date_time
 Inline        5   407  3.4  ds1307_get_date
 Inline        5   440  3.2  ds1307_get_time
0     40   0   3   257  6.6  bin2bcd
0     42   0   3   185  2.9  bcd2bin
0    168   0   1   555  3.4  glcd_init
0    226   0   7   764  7.1  glcd_pixel
0    142   0   4   498  4.8  glcd_fillScreen
0     54   0   2   257  2.8  glcd_writeByte
0     62   0   2   318  2.8  glcd_readByte
0    276   1   0             @const126
0    240   0   0             @const129
0    318   1  17  1475  8.8  glcd_line
0    194   0   6  1036  5.8  glcd_rect
0    440   1  20  1550 11.2  glcd_text57
0   1042   2   0             @const205
0    168   0   5   427  7.3  glcd_portada
0     34   0   5             @MUL1616
0   1042   2   0             @const215
0    170   0   5   429  7.1  glcd_finalizado
0     50   0   1    86  1.3  onewire_reset
0     56   0   2   272  4.3  onewire_write
0     64   0   2   284  4.6  onewire_read
0    192   0  13   474  4.3  ds1820_read
0     82   0   2             @SITOF
0    350   1  14             @DIVFF
0    382   1   1   192  3.6  leerRTC
0  19600  36   1104897 10.0  MAIN
0     32   0   1             @SPRINTF
0     44   0   3             @DIV88
0    222   0   6             @PRINTF_D_353
0    248   0  11             @MULFF
0     68   0   5             @FTOSD
0    128   0  13             @DIV3232
0    434   1  13             @PRINTF_L32D_353FPFPF

Program metrics:
    Functions               21
    Statements              1628
    Comments                643
    Volume (V)              130027
    Difficilty (D)          111.5
    Effort to implement (E) 14492037
    Time to implement (T)   223 hours, 39 minutes
    Est Delivered Bugs (B)  20
    Cyclomatic Complexity   207
    Maintainability (MI)    90

 Segment     Used  Free
-----------  ----  ----
00000-00002     4  0  
00004-0FFFE  27064  38468  
10000-17FFE     0  32768  



